<?xml version="1.0" encoding="UTF-8"?>
<testsuite name="The app Echo Box" tests="1" skipped="0" failures="1" errors="0" timestamp="2023-04-03T17:59:52" hostname="DESKTOP-4V0UC4E" time="32.282">
  <properties/>
  <testcase name="Guardar mensaje" classname="The app Echo Box" time="32.282">
    <failure message="java.lang.AssertionError: Fallo prueba" type="java.lang.AssertionError">java.lang.AssertionError: Fallo prueba
	at com.test.stepdefinition.MensajeSD.agregamosElMensaje(MensajeSD.java:35)
	at ✽.Agregamos el mensaje &quot;hola&quot;(file:///D:/10.%20SOFKAU/2.%20Programación/5.%20Mobile/C1-2023-QA-Auto-Taller-Mobile/TheApp/src/test/resources/features/mensaje.feature:5)
</failure>
  </testcase>
  <system-out><![CDATA[]]></system-out>
  <system-err><![CDATA[]]></system-err>
</testsuite>
